{"logTime": "0412/100132", "correlationVector":"WFrJXuARcDBCiOxH6g97xK.0","action":"FeedSettingFetch_homeCloud", "result":"0", "context":{}}
{"logTime": "0412/100132", "correlationVector":"WFrJXuARcDBCiOxH6g97xK.0","action":"SyncServerConnectionManagerRequest", "result":"SYNC_SERVER_OK", "context":{"environment":"", "migrationStage":"", "server":""}}
{"logTime": "0412/100132", "correlationVector":"UWqwmUpD3E+4h6GVfSRt4S.1","action":"SyncServerConnectionManagerRequest", "result":"SYNC_SERVER_OK", "context":{"environment":"Prod_NorthEurope_x00f", "migrationStage":"NotStarted", "server":"GENERAL0100001J"}}
{"logTime": "0412/100132", "correlationVector":"UWqwmUpD3E+4h6GVfSRt4S","action":"Initial GetUpdates", "result":"", "context":Reason: NEW_CLIENT. cV=UWqwmUpD3E+4h6GVfSRt4S}
{"logTime": "0412/100132", "correlationVector":"UWqwmUpD3E+4h6GVfSRt4S.2","action":"GetUpdates Response", "result":"SYNCER_OK", "context":Received 1 update(s). cV=UWqwmUpD3E+4h6GVfSRt4S.0;server=GENERAL0100001J;cloudType=Consumer;environment=Prod_NorthEurope_x00f;migrationStage=NotStarted}
{"logTime": "0412/100133", "correlationVector":"vA6tTUaQ2AyKmh0RaXytwr","action":"Initial GetUpdates", "result":"", "context":Reason: NEW_CLIENT. cV=vA6tTUaQ2AyKmh0RaXytwr}
{"logTime": "0412/100145", "correlationVector":"vA6tTUaQ2AyKmh0RaXytwr.1","action":"SyncServerConnectionManagerRequest", "result":"SYNC_SERVER_OK", "context":{"environment":"Prod_NorthEurope_x00f", "migrationStage":"NotStarted", "server":"general0100001K"}}
{"logTime": "0412/100145", "correlationVector":"vA6tTUaQ2AyKmh0RaXytwr.2","action":"GetUpdates Response", "result":"SYNCER_OK", "context":Received 4 update(s). cV=vA6tTUaQ2AyKmh0RaXytwr.0;server=general0100001K;cloudType=Consumer;environment=Prod_NorthEurope_x00f;migrationStage=NotStarted}
{"logTime": "0412/100145", "correlationVector":"DaAPeiKE/AiRxIjgoDEqso","action":"Normal GetUpdate request", "result":"", "context":cV=DaAPeiKE/AiRxIjgoDEqso
Nudged types: Device Info, User Consents
Refresh requested types: Device Info, User Consents, Send Tab To Self, Encryption Keys}
{"logTime": "0412/100145", "correlationVector":"DaAPeiKE/AiRxIjgoDEqso.1","action":"SyncServerConnectionManagerRequest", "result":"SYNC_SERVER_OK", "context":{"environment":"Prod_WestEurope_x00e", "migrationStage":"NotStarted", "server":"GENERAL01000002"}}
{"logTime": "0412/100145", "correlationVector":"DaAPeiKE/AiRxIjgoDEqso.2","action":"GetUpdates Response", "result":"SYNCER_OK", "context":Received 0 update(s). cV=DaAPeiKE/AiRxIjgoDEqso.0;server=GENERAL01000002;cloudType=Consumer;environment=Prod_WestEurope_x00e;migrationStage=NotStarted}
{"logTime": "0412/100145", "correlationVector":"9svrtUavxziLPgmvgZ7voI","action":"Commit Request", "result":"", "context":Item count: 1
Contributing types: Device Info}
{"logTime": "0412/100146", "correlationVector":"9svrtUavxziLPgmvgZ7voI.1","action":"SyncServerConnectionManagerRequest", "result":"SYNC_SERVER_OK", "context":{"environment":"Prod_NorthEurope_x00f", "migrationStage":"NotStarted", "server":"GENERAL0100001G"}}
{"logTime": "0412/100146", "correlationVector":"9svrtUavxziLPgmvgZ7voI.2","action":"Commit Response", "result":"SYNCER_OK", "context":Result: SYNCER_OK. cV=9svrtUavxziLPgmvgZ7voI.0;server=GENERAL0100001G;cloudType=Consumer;environment=Prod_NorthEurope_x00f;migrationStage=NotStarted}
{"logTime": "0412/100146", "correlationVector":"+T+iOONtyYmsejnrIPXCwQ","action":"Commit Request", "result":"", "context":Item count: 2
Contributing types: User Consents}
{"logTime": "0412/100146", "correlationVector":"+T+iOONtyYmsejnrIPXCwQ.1","action":"SyncServerConnectionManagerRequest", "result":"SYNC_SERVER_OK", "context":{"environment":"Prod_WestEurope_x00e", "migrationStage":"NotStarted", "server":"GENERAL01000002"}}
{"logTime": "0412/100146", "correlationVector":"+T+iOONtyYmsejnrIPXCwQ.2","action":"Commit Response", "result":"SYNCER_OK", "context":Result: SYNCER_OK. cV=+T+iOONtyYmsejnrIPXCwQ.0;server=GENERAL01000002;cloudType=Consumer;environment=Prod_WestEurope_x00e;migrationStage=NotStarted}
